The system is: Linux - 4.9.253-tegra - aarch64
Compiling the C compiler identification source file "CMakeCCompilerId.c" succeeded.
Compiler: /usr/bin/clang 
Build flags: 
Id flags:  

The output was:
0


Compilation of the C compiler identification source "CMakeCCompilerId.c" produced "a.out"

The C compiler identification is Clang, found in "/home/k06/Desktop/item_sorting_system/build/CMakeFiles/3.23.0-rc4/CompilerIdC/a.out"

Compiling the CXX compiler identification source file "CMakeCXXCompilerId.cpp" succeeded.
Compiler: /usr/bin/clang++ 
Build flags: 
Id flags:  

The output was:
0


Compilation of the CXX compiler identification source "CMakeCXXCompilerId.cpp" produced "a.out"

The CXX compiler identification is Clang, found in "/home/k06/Desktop/item_sorting_system/build/CMakeFiles/3.23.0-rc4/CompilerIdCXX/a.out"

Detecting C compiler ABI info compiled with the following output:
Change Dir: /home/k06/Desktop/item_sorting_system/build/CMakeFiles/CMakeTmp

Run Build Command(s):/usr/bin/make -f Makefile cmTC_f9610/fast && /usr/bin/make  -f CMakeFiles/cmTC_f9610.dir/build.make CMakeFiles/cmTC_f9610.dir/build
make[1]: Entering directory '/home/k06/Desktop/item_sorting_system/build/CMakeFiles/CMakeTmp'
Building C object CMakeFiles/cmTC_f9610.dir/CMakeCCompilerABI.c.o
/usr/bin/clang   -v -MD -MT CMakeFiles/cmTC_f9610.dir/CMakeCCompilerABI.c.o -MF CMakeFiles/cmTC_f9610.dir/CMakeCCompilerABI.c.o.d -o CMakeFiles/cmTC_f9610.dir/CMakeCCompilerABI.c.o -c /usr/share/cmake-3.23/Modules/CMakeCCompilerABI.c
clang version 6.0.0-1ubuntu2 (tags/RELEASE_600/final)
Target: aarch64-unknown-linux-gnu
Thread model: posix
InstalledDir: /usr/bin
Found candidate GCC installation: /usr/bin/../lib/gcc/aarch64-linux-gnu/11
Found candidate GCC installation: /usr/bin/../lib/gcc/aarch64-linux-gnu/7
Found candidate GCC installation: /usr/bin/../lib/gcc/aarch64-linux-gnu/7.5.0
Found candidate GCC installation: /usr/bin/../lib/gcc/aarch64-linux-gnu/8
Found candidate GCC installation: /usr/lib/gcc/aarch64-linux-gnu/11
Found candidate GCC installation: /usr/lib/gcc/aarch64-linux-gnu/7
Found candidate GCC installation: /usr/lib/gcc/aarch64-linux-gnu/7.5.0
Found candidate GCC installation: /usr/lib/gcc/aarch64-linux-gnu/8
Selected GCC installation: /usr/bin/../lib/gcc/aarch64-linux-gnu/11
Candidate multilib: .;@m64
Selected multilib: .;@m64
Found CUDA installation: /usr/local/cuda, version unknown
 "/usr/lib/llvm-6.0/bin/clang" -cc1 -triple aarch64-unknown-linux-gnu -emit-obj -mrelax-all -disable-free -disable-llvm-verifier -discard-value-names -main-file-name CMakeCCompilerABI.c -mrelocation-model static -mthread-model posix -mdisable-fp-elim -fmath-errno -masm-verbose -mconstructor-aliases -fuse-init-array -target-cpu generic -target-feature +neon -target-abi aapcs -fallow-half-arguments-and-returns -dwarf-column-info -debugger-tuning=gdb -v -coverage-notes-file /home/k06/Desktop/item_sorting_system/build/CMakeFiles/CMakeTmp/CMakeFiles/cmTC_f9610.dir/CMakeCCompilerABI.c.gcno -resource-dir /usr/lib/llvm-6.0/lib/clang/6.0.0 -dependency-file CMakeFiles/cmTC_f9610.dir/CMakeCCompilerABI.c.o.d -sys-header-deps -MT CMakeFiles/cmTC_f9610.dir/CMakeCCompilerABI.c.o -internal-isystem /usr/local/include -internal-isystem /usr/lib/llvm-6.0/lib/clang/6.0.0/include -internal-externc-isystem /usr/include/aarch64-linux-gnu -internal-externc-isystem /include -internal-externc-isystem /usr/include -fdebug-compilation-dir /home/k06/Desktop/item_sorting_system/build/CMakeFiles/CMakeTmp -ferror-limit 19 -fmessage-length 0 -fno-signed-char -fobjc-runtime=gcc -fdiagnostics-show-option -o CMakeFiles/cmTC_f9610.dir/CMakeCCompilerABI.c.o -x c /usr/share/cmake-3.23/Modules/CMakeCCompilerABI.c
clang -cc1 version 6.0.0 based upon LLVM 6.0.0 default target aarch64-unknown-linux-gnu
ignoring nonexistent directory "/include"
#include "..." search starts here:
#include <...> search starts here:
 /usr/local/include
 /usr/lib/llvm-6.0/lib/clang/6.0.0/include
 /usr/include/aarch64-linux-gnu
 /usr/include
End of search list.
Linking C executable cmTC_f9610
/usr/bin/cmake -E cmake_link_script CMakeFiles/cmTC_f9610.dir/link.txt --verbose=1
/usr/bin/clang  -v CMakeFiles/cmTC_f9610.dir/CMakeCCompilerABI.c.o -o cmTC_f9610 
clang version 6.0.0-1ubuntu2 (tags/RELEASE_600/final)
Target: aarch64-unknown-linux-gnu
Thread model: posix
InstalledDir: /usr/bin
Found candidate GCC installation: /usr/bin/../lib/gcc/aarch64-linux-gnu/11
Found candidate GCC installation: /usr/bin/../lib/gcc/aarch64-linux-gnu/7
Found candidate GCC installation: /usr/bin/../lib/gcc/aarch64-linux-gnu/7.5.0
Found candidate GCC installation: /usr/bin/../lib/gcc/aarch64-linux-gnu/8
Found candidate GCC installation: /usr/lib/gcc/aarch64-linux-gnu/11
Found candidate GCC installation: /usr/lib/gcc/aarch64-linux-gnu/7
Found candidate GCC installation: /usr/lib/gcc/aarch64-linux-gnu/7.5.0
Found candidate GCC installation: /usr/lib/gcc/aarch64-linux-gnu/8
Selected GCC installation: /usr/bin/../lib/gcc/aarch64-linux-gnu/11
Candidate multilib: .;@m64
Selected multilib: .;@m64
Found CUDA installation: /usr/local/cuda, version unknown
 "/usr/bin/ld" -z relro --hash-style=gnu --eh-frame-hdr -m aarch64linux -dynamic-linker /lib/ld-linux-aarch64.so.1 -o cmTC_f9610 /usr/bin/../lib/gcc/aarch64-linux-gnu/11/../../../aarch64-linux-gnu/crt1.o /usr/bin/../lib/gcc/aarch64-linux-gnu/11/../../../aarch64-linux-gnu/crti.o /usr/bin/../lib/gcc/aarch64-linux-gnu/11/crtbegin.o -L/usr/bin/../lib/gcc/aarch64-linux-gnu/11 -L/usr/bin/../lib/gcc/aarch64-linux-gnu/11/../../../aarch64-linux-gnu -L/lib/aarch64-linux-gnu -L/usr/lib/aarch64-linux-gnu -L/usr/bin/../lib/gcc/aarch64-linux-gnu/11/../../.. -L/usr/lib/llvm-6.0/bin/../lib -L/lib -L/usr/lib CMakeFiles/cmTC_f9610.dir/CMakeCCompilerABI.c.o -lgcc --as-needed -lgcc_s --no-as-needed -lc -lgcc --as-needed -lgcc_s --no-as-needed /usr/bin/../lib/gcc/aarch64-linux-gnu/11/crtend.o /usr/bin/../lib/gcc/aarch64-linux-gnu/11/../../../aarch64-linux-gnu/crtn.o
make[1]: Leaving directory '/home/k06/Desktop/item_sorting_system/build/CMakeFiles/CMakeTmp'



Parsed C implicit include dir info from above output: rv=done
  found start of include info
  found start of implicit include info
    add: [/usr/local/include]
    add: [/usr/lib/llvm-6.0/lib/clang/6.0.0/include]
    add: [/usr/include/aarch64-linux-gnu]
    add: [/usr/include]
  end of search list found
  collapse include dir [/usr/local/include] ==> [/usr/local/include]
  collapse include dir [/usr/lib/llvm-6.0/lib/clang/6.0.0/include] ==> [/usr/lib/llvm-6.0/lib/clang/6.0.0/include]
  collapse include dir [/usr/include/aarch64-linux-gnu] ==> [/usr/include/aarch64-linux-gnu]
  collapse include dir [/usr/include] ==> [/usr/include]
  implicit include dirs: [/usr/local/include;/usr/lib/llvm-6.0/lib/clang/6.0.0/include;/usr/include/aarch64-linux-gnu;/usr/include]


Parsed C implicit link information from above output:
  link line regex: [^( *|.*[/\])(ld|CMAKE_LINK_STARTFILE-NOTFOUND|([^/\]+-)?ld|collect2)[^/\]*( |$)]
  ignore line: [Change Dir: /home/k06/Desktop/item_sorting_system/build/CMakeFiles/CMakeTmp]
  ignore line: []
  ignore line: [Run Build Command(s):/usr/bin/make -f Makefile cmTC_f9610/fast && /usr/bin/make  -f CMakeFiles/cmTC_f9610.dir/build.make CMakeFiles/cmTC_f9610.dir/build]
  ignore line: [make[1]: Entering directory '/home/k06/Desktop/item_sorting_system/build/CMakeFiles/CMakeTmp']
  ignore line: [Building C object CMakeFiles/cmTC_f9610.dir/CMakeCCompilerABI.c.o]
  ignore line: [/usr/bin/clang   -v -MD -MT CMakeFiles/cmTC_f9610.dir/CMakeCCompilerABI.c.o -MF CMakeFiles/cmTC_f9610.dir/CMakeCCompilerABI.c.o.d -o CMakeFiles/cmTC_f9610.dir/CMakeCCompilerABI.c.o -c /usr/share/cmake-3.23/Modules/CMakeCCompilerABI.c]
  ignore line: [clang version 6.0.0-1ubuntu2 (tags/RELEASE_600/final)]
  ignore line: [Target: aarch64-unknown-linux-gnu]
  ignore line: [Thread model: posix]
  ignore line: [InstalledDir: /usr/bin]
  ignore line: [Found candidate GCC installation: /usr/bin/../lib/gcc/aarch64-linux-gnu/11]
  ignore line: [Found candidate GCC installation: /usr/bin/../lib/gcc/aarch64-linux-gnu/7]
  ignore line: [Found candidate GCC installation: /usr/bin/../lib/gcc/aarch64-linux-gnu/7.5.0]
  ignore line: [Found candidate GCC installation: /usr/bin/../lib/gcc/aarch64-linux-gnu/8]
  ignore line: [Found candidate GCC installation: /usr/lib/gcc/aarch64-linux-gnu/11]
  ignore line: [Found candidate GCC installation: /usr/lib/gcc/aarch64-linux-gnu/7]
  ignore line: [Found candidate GCC installation: /usr/lib/gcc/aarch64-linux-gnu/7.5.0]
  ignore line: [Found candidate GCC installation: /usr/lib/gcc/aarch64-linux-gnu/8]
  ignore line: [Selected GCC installation: /usr/bin/../lib/gcc/aarch64-linux-gnu/11]
  ignore line: [Candidate multilib: .]
  ignore line: [@m64]
  ignore line: [Selected multilib: .]
  ignore line: [@m64]
  ignore line: [Found CUDA installation: /usr/local/cuda  version unknown]
  ignore line: [ "/usr/lib/llvm-6.0/bin/clang" -cc1 -triple aarch64-unknown-linux-gnu -emit-obj -mrelax-all -disable-free -disable-llvm-verifier -discard-value-names -main-file-name CMakeCCompilerABI.c -mrelocation-model static -mthread-model posix -mdisable-fp-elim -fmath-errno -masm-verbose -mconstructor-aliases -fuse-init-array -target-cpu generic -target-feature +neon -target-abi aapcs -fallow-half-arguments-and-returns -dwarf-column-info -debugger-tuning=gdb -v -coverage-notes-file /home/k06/Desktop/item_sorting_system/build/CMakeFiles/CMakeTmp/CMakeFiles/cmTC_f9610.dir/CMakeCCompilerABI.c.gcno -resource-dir /usr/lib/llvm-6.0/lib/clang/6.0.0 -dependency-file CMakeFiles/cmTC_f9610.dir/CMakeCCompilerABI.c.o.d -sys-header-deps -MT CMakeFiles/cmTC_f9610.dir/CMakeCCompilerABI.c.o -internal-isystem /usr/local/include -internal-isystem /usr/lib/llvm-6.0/lib/clang/6.0.0/include -internal-externc-isystem /usr/include/aarch64-linux-gnu -internal-externc-isystem /include -internal-externc-isystem /usr/include -fdebug-compilation-dir /home/k06/Desktop/item_sorting_system/build/CMakeFiles/CMakeTmp -ferror-limit 19 -fmessage-length 0 -fno-signed-char -fobjc-runtime=gcc -fdiagnostics-show-option -o CMakeFiles/cmTC_f9610.dir/CMakeCCompilerABI.c.o -x c /usr/share/cmake-3.23/Modules/CMakeCCompilerABI.c]
  ignore line: [clang -cc1 version 6.0.0 based upon LLVM 6.0.0 default target aarch64-unknown-linux-gnu]
  ignore line: [ignoring nonexistent directory "/include"]
  ignore line: [#include "..." search starts here:]
  ignore line: [#include <...> search starts here:]
  ignore line: [ /usr/local/include]
  ignore line: [ /usr/lib/llvm-6.0/lib/clang/6.0.0/include]
  ignore line: [ /usr/include/aarch64-linux-gnu]
  ignore line: [ /usr/include]
  ignore line: [End of search list.]
  ignore line: [Linking C executable cmTC_f9610]
  ignore line: [/usr/bin/cmake -E cmake_link_script CMakeFiles/cmTC_f9610.dir/link.txt --verbose=1]
  ignore line: [/usr/bin/clang  -v CMakeFiles/cmTC_f9610.dir/CMakeCCompilerABI.c.o -o cmTC_f9610 ]
  ignore line: [clang version 6.0.0-1ubuntu2 (tags/RELEASE_600/final)]
  ignore line: [Target: aarch64-unknown-linux-gnu]
  ignore line: [Thread model: posix]
  ignore line: [InstalledDir: /usr/bin]
  ignore line: [Found candidate GCC installation: /usr/bin/../lib/gcc/aarch64-linux-gnu/11]
  ignore line: [Found candidate GCC installation: /usr/bin/../lib/gcc/aarch64-linux-gnu/7]
  ignore line: [Found candidate GCC installation: /usr/bin/../lib/gcc/aarch64-linux-gnu/7.5.0]
  ignore line: [Found candidate GCC installation: /usr/bin/../lib/gcc/aarch64-linux-gnu/8]
  ignore line: [Found candidate GCC installation: /usr/lib/gcc/aarch64-linux-gnu/11]
  ignore line: [Found candidate GCC installation: /usr/lib/gcc/aarch64-linux-gnu/7]
  ignore line: [Found candidate GCC installation: /usr/lib/gcc/aarch64-linux-gnu/7.5.0]
  ignore line: [Found candidate GCC installation: /usr/lib/gcc/aarch64-linux-gnu/8]
  ignore line: [Selected GCC installation: /usr/bin/../lib/gcc/aarch64-linux-gnu/11]
  ignore line: [Candidate multilib: .]
  ignore line: [@m64]
  ignore line: [Selected multilib: .]
  ignore line: [@m64]
  ignore line: [Found CUDA installation: /usr/local/cuda  version unknown]
  link line: [ "/usr/bin/ld" -z relro --hash-style=gnu --eh-frame-hdr -m aarch64linux -dynamic-linker /lib/ld-linux-aarch64.so.1 -o cmTC_f9610 /usr/bin/../lib/gcc/aarch64-linux-gnu/11/../../../aarch64-linux-gnu/crt1.o /usr/bin/../lib/gcc/aarch64-linux-gnu/11/../../../aarch64-linux-gnu/crti.o /usr/bin/../lib/gcc/aarch64-linux-gnu/11/crtbegin.o -L/usr/bin/../lib/gcc/aarch64-linux-gnu/11 -L/usr/bin/../lib/gcc/aarch64-linux-gnu/11/../../../aarch64-linux-gnu -L/lib/aarch64-linux-gnu -L/usr/lib/aarch64-linux-gnu -L/usr/bin/../lib/gcc/aarch64-linux-gnu/11/../../.. -L/usr/lib/llvm-6.0/bin/../lib -L/lib -L/usr/lib CMakeFiles/cmTC_f9610.dir/CMakeCCompilerABI.c.o -lgcc --as-needed -lgcc_s --no-as-needed -lc -lgcc --as-needed -lgcc_s --no-as-needed /usr/bin/../lib/gcc/aarch64-linux-gnu/11/crtend.o /usr/bin/../lib/gcc/aarch64-linux-gnu/11/../../../aarch64-linux-gnu/crtn.o]
    arg [/usr/bin/ld] ==> ignore
    arg [-zrelro] ==> ignore
    arg [--hash-style=gnu] ==> ignore
    arg [--eh-frame-hdr] ==> ignore
    arg [-m] ==> ignore
    arg [aarch64linux] ==> ignore
    arg [-dynamic-linker] ==> ignore
    arg [/lib/ld-linux-aarch64.so.1] ==> ignore
    arg [-o] ==> ignore
    arg [cmTC_f9610] ==> ignore
    arg [/usr/bin/../lib/gcc/aarch64-linux-gnu/11/../../../aarch64-linux-gnu/crt1.o] ==> obj [/usr/bin/../lib/gcc/aarch64-linux-gnu/11/../../../aarch64-linux-gnu/crt1.o]
    arg [/usr/bin/../lib/gcc/aarch64-linux-gnu/11/../../../aarch64-linux-gnu/crti.o] ==> obj [/usr/bin/../lib/gcc/aarch64-linux-gnu/11/../../../aarch64-linux-gnu/crti.o]
    arg [/usr/bin/../lib/gcc/aarch64-linux-gnu/11/crtbegin.o] ==> obj [/usr/bin/../lib/gcc/aarch64-linux-gnu/11/crtbegin.o]
    arg [-L/usr/bin/../lib/gcc/aarch64-linux-gnu/11] ==> dir [/usr/bin/../lib/gcc/aarch64-linux-gnu/11]
    arg [-L/usr/bin/../lib/gcc/aarch64-linux-gnu/11/../../../aarch64-linux-gnu] ==> dir [/usr/bin/../lib/gcc/aarch64-linux-gnu/11/../../../aarch64-linux-gnu]
    arg [-L/lib/aarch64-linux-gnu] ==> dir [/lib/aarch64-linux-gnu]
    arg [-L/usr/lib/aarch64-linux-gnu] ==> dir [/usr/lib/aarch64-linux-gnu]
    arg [-L/usr/bin/../lib/gcc/aarch64-linux-gnu/11/../../..] ==> dir [/usr/bin/../lib/gcc/aarch64-linux-gnu/11/../../..]
    arg [-L/usr/lib/llvm-6.0/bin/../lib] ==> dir [/usr/lib/llvm-6.0/bin/../lib]
    arg [-L/lib] ==> dir [/lib]
    arg [-L/usr/lib] ==> dir [/usr/lib]
    arg [CMakeFiles/cmTC_f9610.dir/CMakeCCompilerABI.c.o] ==> ignore
    arg [-lgcc] ==> lib [gcc]
    arg [--as-needed] ==> ignore
    arg [-lgcc_s] ==> lib [gcc_s]
    arg [--no-as-needed] ==> ignore
    arg [-lc] ==> lib [c]
    arg [-lgcc] ==> lib [gcc]
    arg [--as-needed] ==> ignore
    arg [-lgcc_s] ==> lib [gcc_s]
    arg [--no-as-needed] ==> ignore
    arg [/usr/bin/../lib/gcc/aarch64-linux-gnu/11/crtend.o] ==> obj [/usr/bin/../lib/gcc/aarch64-linux-gnu/11/crtend.o]
    arg [/usr/bin/../lib/gcc/aarch64-linux-gnu/11/../../../aarch64-linux-gnu/crtn.o] ==> obj [/usr/bin/../lib/gcc/aarch64-linux-gnu/11/../../../aarch64-linux-gnu/crtn.o]
  collapse obj [/usr/bin/../lib/gcc/aarch64-linux-gnu/11/../../../aarch64-linux-gnu/crt1.o] ==> [/usr/lib/aarch64-linux-gnu/crt1.o]
  collapse obj [/usr/bin/../lib/gcc/aarch64-linux-gnu/11/../../../aarch64-linux-gnu/crti.o] ==> [/usr/lib/aarch64-linux-gnu/crti.o]
  collapse obj [/usr/bin/../lib/gcc/aarch64-linux-gnu/11/crtbegin.o] ==> [/usr/lib/gcc/aarch64-linux-gnu/11/crtbegin.o]
  collapse obj [/usr/bin/../lib/gcc/aarch64-linux-gnu/11/crtend.o] ==> [/usr/lib/gcc/aarch64-linux-gnu/11/crtend.o]
  collapse obj [/usr/bin/../lib/gcc/aarch64-linux-gnu/11/../../../aarch64-linux-gnu/crtn.o] ==> [/usr/lib/aarch64-linux-gnu/crtn.o]
  collapse library dir [/usr/bin/../lib/gcc/aarch64-linux-gnu/11] ==> [/usr/lib/gcc/aarch64-linux-gnu/11]
  collapse library dir [/usr/bin/../lib/gcc/aarch64-linux-gnu/11/../../../aarch64-linux-gnu] ==> [/usr/lib/aarch64-linux-gnu]
  collapse library dir [/lib/aarch64-linux-gnu] ==> [/lib/aarch64-linux-gnu]
  collapse library dir [/usr/lib/aarch64-linux-gnu] ==> [/usr/lib/aarch64-linux-gnu]
  collapse library dir [/usr/bin/../lib/gcc/aarch64-linux-gnu/11/../../..] ==> [/usr/lib]
  collapse library dir [/usr/lib/llvm-6.0/bin/../lib] ==> [/usr/lib/llvm-6.0/lib]
  collapse library dir [/lib] ==> [/lib]
  collapse library dir [/usr/lib] ==> [/usr/lib]
  implicit libs: [gcc;gcc_s;c;gcc;gcc_s]
  implicit objs: [/usr/lib/aarch64-linux-gnu/crt1.o;/usr/lib/aarch64-linux-gnu/crti.o;/usr/lib/gcc/aarch64-linux-gnu/11/crtbegin.o;/usr/lib/gcc/aarch64-linux-gnu/11/crtend.o;/usr/lib/aarch64-linux-gnu/crtn.o]
  implicit dirs: [/usr/lib/gcc/aarch64-linux-gnu/11;/usr/lib/aarch64-linux-gnu;/lib/aarch64-linux-gnu;/usr/lib;/usr/lib/llvm-6.0/lib;/lib]
  implicit fwks: []


Detecting CXX compiler ABI info compiled with the following output:
Change Dir: /home/k06/Desktop/item_sorting_system/build/CMakeFiles/CMakeTmp

Run Build Command(s):/usr/bin/make -f Makefile cmTC_0eeba/fast && /usr/bin/make  -f CMakeFiles/cmTC_0eeba.dir/build.make CMakeFiles/cmTC_0eeba.dir/build
make[1]: Entering directory '/home/k06/Desktop/item_sorting_system/build/CMakeFiles/CMakeTmp'
Building CXX object CMakeFiles/cmTC_0eeba.dir/CMakeCXXCompilerABI.cpp.o
/usr/bin/clang++   -v -MD -MT CMakeFiles/cmTC_0eeba.dir/CMakeCXXCompilerABI.cpp.o -MF CMakeFiles/cmTC_0eeba.dir/CMakeCXXCompilerABI.cpp.o.d -o CMakeFiles/cmTC_0eeba.dir/CMakeCXXCompilerABI.cpp.o -c /usr/share/cmake-3.23/Modules/CMakeCXXCompilerABI.cpp
clang version 6.0.0-1ubuntu2 (tags/RELEASE_600/final)
Target: aarch64-unknown-linux-gnu
Thread model: posix
InstalledDir: /usr/bin
Found candidate GCC installation: /usr/bin/../lib/gcc/aarch64-linux-gnu/11
Found candidate GCC installation: /usr/bin/../lib/gcc/aarch64-linux-gnu/7
Found candidate GCC installation: /usr/bin/../lib/gcc/aarch64-linux-gnu/7.5.0
Found candidate GCC installation: /usr/bin/../lib/gcc/aarch64-linux-gnu/8
Found candidate GCC installation: /usr/lib/gcc/aarch64-linux-gnu/11
Found candidate GCC installation: /usr/lib/gcc/aarch64-linux-gnu/7
Found candidate GCC installation: /usr/lib/gcc/aarch64-linux-gnu/7.5.0
Found candidate GCC installation: /usr/lib/gcc/aarch64-linux-gnu/8
Selected GCC installation: /usr/bin/../lib/gcc/aarch64-linux-gnu/11
Candidate multilib: .;@m64
Selected multilib: .;@m64
Found CUDA installation: /usr/local/cuda, version unknown
 "/usr/lib/llvm-6.0/bin/clang" -cc1 -triple aarch64-unknown-linux-gnu -emit-obj -mrelax-all -disable-free -disable-llvm-verifier -discard-value-names -main-file-name CMakeCXXCompilerABI.cpp -mrelocation-model static -mthread-model posix -mdisable-fp-elim -fmath-errno -masm-verbose -mconstructor-aliases -fuse-init-array -target-cpu generic -target-feature +neon -target-abi aapcs -fallow-half-arguments-and-returns -dwarf-column-info -debugger-tuning=gdb -v -coverage-notes-file /home/k06/Desktop/item_sorting_system/build/CMakeFiles/CMakeTmp/CMakeFiles/cmTC_0eeba.dir/CMakeCXXCompilerABI.cpp.gcno -resource-dir /usr/lib/llvm-6.0/lib/clang/6.0.0 -dependency-file CMakeFiles/cmTC_0eeba.dir/CMakeCXXCompilerABI.cpp.o.d -sys-header-deps -MT CMakeFiles/cmTC_0eeba.dir/CMakeCXXCompilerABI.cpp.o -internal-isystem /usr/bin/../lib/gcc/aarch64-linux-gnu/11/../../../../include/c++/11 -internal-isystem /usr/bin/../lib/gcc/aarch64-linux-gnu/11/../../../../include/aarch64-linux-gnu/c++/11 -internal-isystem /usr/bin/../lib/gcc/aarch64-linux-gnu/11/../../../../include/aarch64-linux-gnu/c++/11 -internal-isystem /usr/bin/../lib/gcc/aarch64-linux-gnu/11/../../../../include/c++/11/backward -internal-isystem /usr/include/clang/6.0.0/include/ -internal-isystem /usr/local/include -internal-isystem /usr/lib/llvm-6.0/lib/clang/6.0.0/include -internal-externc-isystem /usr/include/aarch64-linux-gnu -internal-externc-isystem /include -internal-externc-isystem /usr/include -fdeprecated-macro -fdebug-compilation-dir /home/k06/Desktop/item_sorting_system/build/CMakeFiles/CMakeTmp -ferror-limit 19 -fmessage-length 0 -fno-signed-char -fobjc-runtime=gcc -fcxx-exceptions -fexceptions -fdiagnostics-show-option -o CMakeFiles/cmTC_0eeba.dir/CMakeCXXCompilerABI.cpp.o -x c++ /usr/share/cmake-3.23/Modules/CMakeCXXCompilerABI.cpp
clang -cc1 version 6.0.0 based upon LLVM 6.0.0 default target aarch64-unknown-linux-gnu
ignoring nonexistent directory "/include"
ignoring duplicate directory "/usr/bin/../lib/gcc/aarch64-linux-gnu/11/../../../../include/aarch64-linux-gnu/c++/11"
ignoring duplicate directory "/usr/include/clang/6.0.0/include"
#include "..." search starts here:
#include <...> search starts here:
 /usr/bin/../lib/gcc/aarch64-linux-gnu/11/../../../../include/c++/11
 /usr/bin/../lib/gcc/aarch64-linux-gnu/11/../../../../include/aarch64-linux-gnu/c++/11
 /usr/bin/../lib/gcc/aarch64-linux-gnu/11/../../../../include/c++/11/backward
 /usr/include/clang/6.0.0/include
 /usr/local/include
 /usr/include/aarch64-linux-gnu
 /usr/include
End of search list.
Linking CXX executable cmTC_0eeba
/usr/bin/cmake -E cmake_link_script CMakeFiles/cmTC_0eeba.dir/link.txt --verbose=1
/usr/bin/clang++  -v CMakeFiles/cmTC_0eeba.dir/CMakeCXXCompilerABI.cpp.o -o cmTC_0eeba 
clang version 6.0.0-1ubuntu2 (tags/RELEASE_600/final)
Target: aarch64-unknown-linux-gnu
Thread model: posix
InstalledDir: /usr/bin
Found candidate GCC installation: /usr/bin/../lib/gcc/aarch64-linux-gnu/11
Found candidate GCC installation: /usr/bin/../lib/gcc/aarch64-linux-gnu/7
Found candidate GCC installation: /usr/bin/../lib/gcc/aarch64-linux-gnu/7.5.0
Found candidate GCC installation: /usr/bin/../lib/gcc/aarch64-linux-gnu/8
Found candidate GCC installation: /usr/lib/gcc/aarch64-linux-gnu/11
Found candidate GCC installation: /usr/lib/gcc/aarch64-linux-gnu/7
Found candidate GCC installation: /usr/lib/gcc/aarch64-linux-gnu/7.5.0
Found candidate GCC installation: /usr/lib/gcc/aarch64-linux-gnu/8
Selected GCC installation: /usr/bin/../lib/gcc/aarch64-linux-gnu/11
Candidate multilib: .;@m64
Selected multilib: .;@m64
Found CUDA installation: /usr/local/cuda, version unknown
 "/usr/bin/ld" -z relro --hash-style=gnu --eh-frame-hdr -m aarch64linux -dynamic-linker /lib/ld-linux-aarch64.so.1 -o cmTC_0eeba /usr/bin/../lib/gcc/aarch64-linux-gnu/11/../../../aarch64-linux-gnu/crt1.o /usr/bin/../lib/gcc/aarch64-linux-gnu/11/../../../aarch64-linux-gnu/crti.o /usr/bin/../lib/gcc/aarch64-linux-gnu/11/crtbegin.o -L/usr/bin/../lib/gcc/aarch64-linux-gnu/11 -L/usr/bin/../lib/gcc/aarch64-linux-gnu/11/../../../aarch64-linux-gnu -L/lib/aarch64-linux-gnu -L/usr/lib/aarch64-linux-gnu -L/usr/bin/../lib/gcc/aarch64-linux-gnu/11/../../.. -L/usr/lib/llvm-6.0/bin/../lib -L/lib -L/usr/lib CMakeFiles/cmTC_0eeba.dir/CMakeCXXCompilerABI.cpp.o -lstdc++ -lm -lgcc_s -lgcc -lc -lgcc_s -lgcc /usr/bin/../lib/gcc/aarch64-linux-gnu/11/crtend.o /usr/bin/../lib/gcc/aarch64-linux-gnu/11/../../../aarch64-linux-gnu/crtn.o
make[1]: Leaving directory '/home/k06/Desktop/item_sorting_system/build/CMakeFiles/CMakeTmp'



Parsed CXX implicit include dir info from above output: rv=done
  found start of include info
  found start of implicit include info
    add: [/usr/bin/../lib/gcc/aarch64-linux-gnu/11/../../../../include/c++/11]
    add: [/usr/bin/../lib/gcc/aarch64-linux-gnu/11/../../../../include/aarch64-linux-gnu/c++/11]
    add: [/usr/bin/../lib/gcc/aarch64-linux-gnu/11/../../../../include/c++/11/backward]
    add: [/usr/include/clang/6.0.0/include]
    add: [/usr/local/include]
    add: [/usr/include/aarch64-linux-gnu]
    add: [/usr/include]
  end of search list found
  collapse include dir [/usr/bin/../lib/gcc/aarch64-linux-gnu/11/../../../../include/c++/11] ==> [/usr/include/c++/11]
  collapse include dir [/usr/bin/../lib/gcc/aarch64-linux-gnu/11/../../../../include/aarch64-linux-gnu/c++/11] ==> [/usr/include/aarch64-linux-gnu/c++/11]
  collapse include dir [/usr/bin/../lib/gcc/aarch64-linux-gnu/11/../../../../include/c++/11/backward] ==> [/usr/include/c++/11/backward]
  collapse include dir [/usr/include/clang/6.0.0/include] ==> [/usr/include/clang/6.0.0/include]
  collapse include dir [/usr/local/include] ==> [/usr/local/include]
  collapse include dir [/usr/include/aarch64-linux-gnu] ==> [/usr/include/aarch64-linux-gnu]
  collapse include dir [/usr/include] ==> [/usr/include]
  implicit include dirs: [/usr/include/c++/11;/usr/include/aarch64-linux-gnu/c++/11;/usr/include/c++/11/backward;/usr/include/clang/6.0.0/include;/usr/local/include;/usr/include/aarch64-linux-gnu;/usr/include]


Parsed CXX implicit link information from above output:
  link line regex: [^( *|.*[/\])(ld|CMAKE_LINK_STARTFILE-NOTFOUND|([^/\]+-)?ld|collect2)[^/\]*( |$)]
  ignore line: [Change Dir: /home/k06/Desktop/item_sorting_system/build/CMakeFiles/CMakeTmp]
  ignore line: []
  ignore line: [Run Build Command(s):/usr/bin/make -f Makefile cmTC_0eeba/fast && /usr/bin/make  -f CMakeFiles/cmTC_0eeba.dir/build.make CMakeFiles/cmTC_0eeba.dir/build]
  ignore line: [make[1]: Entering directory '/home/k06/Desktop/item_sorting_system/build/CMakeFiles/CMakeTmp']
  ignore line: [Building CXX object CMakeFiles/cmTC_0eeba.dir/CMakeCXXCompilerABI.cpp.o]
  ignore line: [/usr/bin/clang++   -v -MD -MT CMakeFiles/cmTC_0eeba.dir/CMakeCXXCompilerABI.cpp.o -MF CMakeFiles/cmTC_0eeba.dir/CMakeCXXCompilerABI.cpp.o.d -o CMakeFiles/cmTC_0eeba.dir/CMakeCXXCompilerABI.cpp.o -c /usr/share/cmake-3.23/Modules/CMakeCXXCompilerABI.cpp]
  ignore line: [clang version 6.0.0-1ubuntu2 (tags/RELEASE_600/final)]
  ignore line: [Target: aarch64-unknown-linux-gnu]
  ignore line: [Thread model: posix]
  ignore line: [InstalledDir: /usr/bin]
  ignore line: [Found candidate GCC installation: /usr/bin/../lib/gcc/aarch64-linux-gnu/11]
  ignore line: [Found candidate GCC installation: /usr/bin/../lib/gcc/aarch64-linux-gnu/7]
  ignore line: [Found candidate GCC installation: /usr/bin/../lib/gcc/aarch64-linux-gnu/7.5.0]
  ignore line: [Found candidate GCC installation: /usr/bin/../lib/gcc/aarch64-linux-gnu/8]
  ignore line: [Found candidate GCC installation: /usr/lib/gcc/aarch64-linux-gnu/11]
  ignore line: [Found candidate GCC installation: /usr/lib/gcc/aarch64-linux-gnu/7]
  ignore line: [Found candidate GCC installation: /usr/lib/gcc/aarch64-linux-gnu/7.5.0]
  ignore line: [Found candidate GCC installation: /usr/lib/gcc/aarch64-linux-gnu/8]
  ignore line: [Selected GCC installation: /usr/bin/../lib/gcc/aarch64-linux-gnu/11]
  ignore line: [Candidate multilib: .]
  ignore line: [@m64]
  ignore line: [Selected multilib: .]
  ignore line: [@m64]
  ignore line: [Found CUDA installation: /usr/local/cuda  version unknown]
  ignore line: [ "/usr/lib/llvm-6.0/bin/clang" -cc1 -triple aarch64-unknown-linux-gnu -emit-obj -mrelax-all -disable-free -disable-llvm-verifier -discard-value-names -main-file-name CMakeCXXCompilerABI.cpp -mrelocation-model static -mthread-model posix -mdisable-fp-elim -fmath-errno -masm-verbose -mconstructor-aliases -fuse-init-array -target-cpu generic -target-feature +neon -target-abi aapcs -fallow-half-arguments-and-returns -dwarf-column-info -debugger-tuning=gdb -v -coverage-notes-file /home/k06/Desktop/item_sorting_system/build/CMakeFiles/CMakeTmp/CMakeFiles/cmTC_0eeba.dir/CMakeCXXCompilerABI.cpp.gcno -resource-dir /usr/lib/llvm-6.0/lib/clang/6.0.0 -dependency-file CMakeFiles/cmTC_0eeba.dir/CMakeCXXCompilerABI.cpp.o.d -sys-header-deps -MT CMakeFiles/cmTC_0eeba.dir/CMakeCXXCompilerABI.cpp.o -internal-isystem /usr/bin/../lib/gcc/aarch64-linux-gnu/11/../../../../include/c++/11 -internal-isystem /usr/bin/../lib/gcc/aarch64-linux-gnu/11/../../../../include/aarch64-linux-gnu/c++/11 -internal-isystem /usr/bin/../lib/gcc/aarch64-linux-gnu/11/../../../../include/aarch64-linux-gnu/c++/11 -internal-isystem /usr/bin/../lib/gcc/aarch64-linux-gnu/11/../../../../include/c++/11/backward -internal-isystem /usr/include/clang/6.0.0/include/ -internal-isystem /usr/local/include -internal-isystem /usr/lib/llvm-6.0/lib/clang/6.0.0/include -internal-externc-isystem /usr/include/aarch64-linux-gnu -internal-externc-isystem /include -internal-externc-isystem /usr/include -fdeprecated-macro -fdebug-compilation-dir /home/k06/Desktop/item_sorting_system/build/CMakeFiles/CMakeTmp -ferror-limit 19 -fmessage-length 0 -fno-signed-char -fobjc-runtime=gcc -fcxx-exceptions -fexceptions -fdiagnostics-show-option -o CMakeFiles/cmTC_0eeba.dir/CMakeCXXCompilerABI.cpp.o -x c++ /usr/share/cmake-3.23/Modules/CMakeCXXCompilerABI.cpp]
  ignore line: [clang -cc1 version 6.0.0 based upon LLVM 6.0.0 default target aarch64-unknown-linux-gnu]
  ignore line: [ignoring nonexistent directory "/include"]
  ignore line: [ignoring duplicate directory "/usr/bin/../lib/gcc/aarch64-linux-gnu/11/../../../../include/aarch64-linux-gnu/c++/11"]
  ignore line: [ignoring duplicate directory "/usr/include/clang/6.0.0/include"]
  ignore line: [#include "..." search starts here:]
  ignore line: [#include <...> search starts here:]
  ignore line: [ /usr/bin/../lib/gcc/aarch64-linux-gnu/11/../../../../include/c++/11]
  ignore line: [ /usr/bin/../lib/gcc/aarch64-linux-gnu/11/../../../../include/aarch64-linux-gnu/c++/11]
  ignore line: [ /usr/bin/../lib/gcc/aarch64-linux-gnu/11/../../../../include/c++/11/backward]
  ignore line: [ /usr/include/clang/6.0.0/include]
  ignore line: [ /usr/local/include]
  ignore line: [ /usr/include/aarch64-linux-gnu]
  ignore line: [ /usr/include]
  ignore line: [End of search list.]
  ignore line: [Linking CXX executable cmTC_0eeba]
  ignore line: [/usr/bin/cmake -E cmake_link_script CMakeFiles/cmTC_0eeba.dir/link.txt --verbose=1]
  ignore line: [/usr/bin/clang++  -v CMakeFiles/cmTC_0eeba.dir/CMakeCXXCompilerABI.cpp.o -o cmTC_0eeba ]
  ignore line: [clang version 6.0.0-1ubuntu2 (tags/RELEASE_600/final)]
  ignore line: [Target: aarch64-unknown-linux-gnu]
  ignore line: [Thread model: posix]
  ignore line: [InstalledDir: /usr/bin]
  ignore line: [Found candidate GCC installation: /usr/bin/../lib/gcc/aarch64-linux-gnu/11]
  ignore line: [Found candidate GCC installation: /usr/bin/../lib/gcc/aarch64-linux-gnu/7]
  ignore line: [Found candidate GCC installation: /usr/bin/../lib/gcc/aarch64-linux-gnu/7.5.0]
  ignore line: [Found candidate GCC installation: /usr/bin/../lib/gcc/aarch64-linux-gnu/8]
  ignore line: [Found candidate GCC installation: /usr/lib/gcc/aarch64-linux-gnu/11]
  ignore line: [Found candidate GCC installation: /usr/lib/gcc/aarch64-linux-gnu/7]
  ignore line: [Found candidate GCC installation: /usr/lib/gcc/aarch64-linux-gnu/7.5.0]
  ignore line: [Found candidate GCC installation: /usr/lib/gcc/aarch64-linux-gnu/8]
  ignore line: [Selected GCC installation: /usr/bin/../lib/gcc/aarch64-linux-gnu/11]
  ignore line: [Candidate multilib: .]
  ignore line: [@m64]
  ignore line: [Selected multilib: .]
  ignore line: [@m64]
  ignore line: [Found CUDA installation: /usr/local/cuda  version unknown]
  link line: [ "/usr/bin/ld" -z relro --hash-style=gnu --eh-frame-hdr -m aarch64linux -dynamic-linker /lib/ld-linux-aarch64.so.1 -o cmTC_0eeba /usr/bin/../lib/gcc/aarch64-linux-gnu/11/../../../aarch64-linux-gnu/crt1.o /usr/bin/../lib/gcc/aarch64-linux-gnu/11/../../../aarch64-linux-gnu/crti.o /usr/bin/../lib/gcc/aarch64-linux-gnu/11/crtbegin.o -L/usr/bin/../lib/gcc/aarch64-linux-gnu/11 -L/usr/bin/../lib/gcc/aarch64-linux-gnu/11/../../../aarch64-linux-gnu -L/lib/aarch64-linux-gnu -L/usr/lib/aarch64-linux-gnu -L/usr/bin/../lib/gcc/aarch64-linux-gnu/11/../../.. -L/usr/lib/llvm-6.0/bin/../lib -L/lib -L/usr/lib CMakeFiles/cmTC_0eeba.dir/CMakeCXXCompilerABI.cpp.o -lstdc++ -lm -lgcc_s -lgcc -lc -lgcc_s -lgcc /usr/bin/../lib/gcc/aarch64-linux-gnu/11/crtend.o /usr/bin/../lib/gcc/aarch64-linux-gnu/11/../../../aarch64-linux-gnu/crtn.o]
    arg [/usr/bin/ld] ==> ignore
    arg [-zrelro] ==> ignore
    arg [--hash-style=gnu] ==> ignore
    arg [--eh-frame-hdr] ==> ignore
    arg [-m] ==> ignore
    arg [aarch64linux] ==> ignore
    arg [-dynamic-linker] ==> ignore
    arg [/lib/ld-linux-aarch64.so.1] ==> ignore
    arg [-o] ==> ignore
    arg [cmTC_0eeba] ==> ignore
    arg [/usr/bin/../lib/gcc/aarch64-linux-gnu/11/../../../aarch64-linux-gnu/crt1.o] ==> obj [/usr/bin/../lib/gcc/aarch64-linux-gnu/11/../../../aarch64-linux-gnu/crt1.o]
    arg [/usr/bin/../lib/gcc/aarch64-linux-gnu/11/../../../aarch64-linux-gnu/crti.o] ==> obj [/usr/bin/../lib/gcc/aarch64-linux-gnu/11/../../../aarch64-linux-gnu/crti.o]
    arg [/usr/bin/../lib/gcc/aarch64-linux-gnu/11/crtbegin.o] ==> obj [/usr/bin/../lib/gcc/aarch64-linux-gnu/11/crtbegin.o]
    arg [-L/usr/bin/../lib/gcc/aarch64-linux-gnu/11] ==> dir [/usr/bin/../lib/gcc/aarch64-linux-gnu/11]
    arg [-L/usr/bin/../lib/gcc/aarch64-linux-gnu/11/../../../aarch64-linux-gnu] ==> dir [/usr/bin/../lib/gcc/aarch64-linux-gnu/11/../../../aarch64-linux-gnu]
    arg [-L/lib/aarch64-linux-gnu] ==> dir [/lib/aarch64-linux-gnu]
    arg [-L/usr/lib/aarch64-linux-gnu] ==> dir [/usr/lib/aarch64-linux-gnu]
    arg [-L/usr/bin/../lib/gcc/aarch64-linux-gnu/11/../../..] ==> dir [/usr/bin/../lib/gcc/aarch64-linux-gnu/11/../../..]
    arg [-L/usr/lib/llvm-6.0/bin/../lib] ==> dir [/usr/lib/llvm-6.0/bin/../lib]
    arg [-L/lib] ==> dir [/lib]
    arg [-L/usr/lib] ==> dir [/usr/lib]
    arg [CMakeFiles/cmTC_0eeba.dir/CMakeCXXCompilerABI.cpp.o] ==> ignore
    arg [-lstdc++] ==> lib [stdc++]
    arg [-lm] ==> lib [m]
    arg [-lgcc_s] ==> lib [gcc_s]
    arg [-lgcc] ==> lib [gcc]
    arg [-lc] ==> lib [c]
    arg [-lgcc_s] ==> lib [gcc_s]
    arg [-lgcc] ==> lib [gcc]
    arg [/usr/bin/../lib/gcc/aarch64-linux-gnu/11/crtend.o] ==> obj [/usr/bin/../lib/gcc/aarch64-linux-gnu/11/crtend.o]
    arg [/usr/bin/../lib/gcc/aarch64-linux-gnu/11/../../../aarch64-linux-gnu/crtn.o] ==> obj [/usr/bin/../lib/gcc/aarch64-linux-gnu/11/../../../aarch64-linux-gnu/crtn.o]
  collapse obj [/usr/bin/../lib/gcc/aarch64-linux-gnu/11/../../../aarch64-linux-gnu/crt1.o] ==> [/usr/lib/aarch64-linux-gnu/crt1.o]
  collapse obj [/usr/bin/../lib/gcc/aarch64-linux-gnu/11/../../../aarch64-linux-gnu/crti.o] ==> [/usr/lib/aarch64-linux-gnu/crti.o]
  collapse obj [/usr/bin/../lib/gcc/aarch64-linux-gnu/11/crtbegin.o] ==> [/usr/lib/gcc/aarch64-linux-gnu/11/crtbegin.o]
  collapse obj [/usr/bin/../lib/gcc/aarch64-linux-gnu/11/crtend.o] ==> [/usr/lib/gcc/aarch64-linux-gnu/11/crtend.o]
  collapse obj [/usr/bin/../lib/gcc/aarch64-linux-gnu/11/../../../aarch64-linux-gnu/crtn.o] ==> [/usr/lib/aarch64-linux-gnu/crtn.o]
  collapse library dir [/usr/bin/../lib/gcc/aarch64-linux-gnu/11] ==> [/usr/lib/gcc/aarch64-linux-gnu/11]
  collapse library dir [/usr/bin/../lib/gcc/aarch64-linux-gnu/11/../../../aarch64-linux-gnu] ==> [/usr/lib/aarch64-linux-gnu]
  collapse library dir [/lib/aarch64-linux-gnu] ==> [/lib/aarch64-linux-gnu]
  collapse library dir [/usr/lib/aarch64-linux-gnu] ==> [/usr/lib/aarch64-linux-gnu]
  collapse library dir [/usr/bin/../lib/gcc/aarch64-linux-gnu/11/../../..] ==> [/usr/lib]
  collapse library dir [/usr/lib/llvm-6.0/bin/../lib] ==> [/usr/lib/llvm-6.0/lib]
  collapse library dir [/lib] ==> [/lib]
  collapse library dir [/usr/lib] ==> [/usr/lib]
  implicit libs: [stdc++;m;gcc_s;gcc;c;gcc_s;gcc]
  implicit objs: [/usr/lib/aarch64-linux-gnu/crt1.o;/usr/lib/aarch64-linux-gnu/crti.o;/usr/lib/gcc/aarch64-linux-gnu/11/crtbegin.o;/usr/lib/gcc/aarch64-linux-gnu/11/crtend.o;/usr/lib/aarch64-linux-gnu/crtn.o]
  implicit dirs: [/usr/lib/gcc/aarch64-linux-gnu/11;/usr/lib/aarch64-linux-gnu;/lib/aarch64-linux-gnu;/usr/lib;/usr/lib/llvm-6.0/lib;/lib]
  implicit fwks: []


Determining if the include file pthread.h exists passed with the following output:
Change Dir: /home/k06/Desktop/item_sorting_system/build/CMakeFiles/CMakeTmp

Run Build Command(s):/usr/bin/make -f Makefile cmTC_80b5d/fast && /usr/bin/make  -f CMakeFiles/cmTC_80b5d.dir/build.make CMakeFiles/cmTC_80b5d.dir/build
make[1]: Entering directory '/home/k06/Desktop/item_sorting_system/build/CMakeFiles/CMakeTmp'
Building C object CMakeFiles/cmTC_80b5d.dir/CheckIncludeFile.c.o
/usr/bin/clang    -MD -MT CMakeFiles/cmTC_80b5d.dir/CheckIncludeFile.c.o -MF CMakeFiles/cmTC_80b5d.dir/CheckIncludeFile.c.o.d -o CMakeFiles/cmTC_80b5d.dir/CheckIncludeFile.c.o -c /home/k06/Desktop/item_sorting_system/build/CMakeFiles/CMakeTmp/CheckIncludeFile.c
Linking C executable cmTC_80b5d
/usr/bin/cmake -E cmake_link_script CMakeFiles/cmTC_80b5d.dir/link.txt --verbose=1
/usr/bin/clang CMakeFiles/cmTC_80b5d.dir/CheckIncludeFile.c.o -o cmTC_80b5d 
make[1]: Leaving directory '/home/k06/Desktop/item_sorting_system/build/CMakeFiles/CMakeTmp'



Determining if the function pthread_create exists in the pthread passed with the following output:
Change Dir: /home/k06/Desktop/item_sorting_system/build/CMakeFiles/CMakeTmp

Run Build Command(s):/usr/bin/make -f Makefile cmTC_46e86/fast && /usr/bin/make  -f CMakeFiles/cmTC_46e86.dir/build.make CMakeFiles/cmTC_46e86.dir/build
make[1]: Entering directory '/home/k06/Desktop/item_sorting_system/build/CMakeFiles/CMakeTmp'
Building C object CMakeFiles/cmTC_46e86.dir/CheckFunctionExists.c.o
/usr/bin/clang   -DCHECK_FUNCTION_EXISTS=pthread_create -MD -MT CMakeFiles/cmTC_46e86.dir/CheckFunctionExists.c.o -MF CMakeFiles/cmTC_46e86.dir/CheckFunctionExists.c.o.d -o CMakeFiles/cmTC_46e86.dir/CheckFunctionExists.c.o -c /usr/share/cmake-3.23/Modules/CheckFunctionExists.c
Linking C executable cmTC_46e86
/usr/bin/cmake -E cmake_link_script CMakeFiles/cmTC_46e86.dir/link.txt --verbose=1
/usr/bin/clang  -DCHECK_FUNCTION_EXISTS=pthread_create CMakeFiles/cmTC_46e86.dir/CheckFunctionExists.c.o -o cmTC_46e86  -lpthread 
make[1]: Leaving directory '/home/k06/Desktop/item_sorting_system/build/CMakeFiles/CMakeTmp'



