Performing C SOURCE FILE Test CMAKE_HAVE_LIBC_PTHREAD failed with the following output:
Change Dir: /home/k06/Desktop/item_sorting_system/build/CMakeFiles/CMakeTmp

Run Build Command(s):/usr/bin/make -f Makefile cmTC_320f3/fast && /usr/bin/make  -f CMakeFiles/cmTC_320f3.dir/build.make CMakeFiles/cmTC_320f3.dir/build
make[1]: Entering directory '/home/k06/Desktop/item_sorting_system/build/CMakeFiles/CMakeTmp'
Building C object CMakeFiles/cmTC_320f3.dir/src.c.o
/usr/bin/clang -DCMAKE_HAVE_LIBC_PTHREAD   -MD -MT CMakeFiles/cmTC_320f3.dir/src.c.o -MF CMakeFiles/cmTC_320f3.dir/src.c.o.d -o CMakeFiles/cmTC_320f3.dir/src.c.o -c /home/k06/Desktop/item_sorting_system/build/CMakeFiles/CMakeTmp/src.c
Linking C executable cmTC_320f3
/usr/bin/cmake -E cmake_link_script CMakeFiles/cmTC_320f3.dir/link.txt --verbose=1
/usr/bin/clang CMakeFiles/cmTC_320f3.dir/src.c.o -o cmTC_320f3 
CMakeFiles/cmTC_320f3.dir/src.c.o: In function `main':
src.c:(.text+0x3c): undefined reference to `pthread_create'
src.c:(.text+0x48): undefined reference to `pthread_detach'
src.c:(.text+0x54): undefined reference to `pthread_cancel'
src.c:(.text+0x64): undefined reference to `pthread_join'
src.c:(.text+0x78): undefined reference to `pthread_atfork'
clang: error: linker command failed with exit code 1 (use -v to see invocation)
CMakeFiles/cmTC_320f3.dir/build.make:99: recipe for target 'cmTC_320f3' failed
make[1]: *** [cmTC_320f3] Error 1
make[1]: Leaving directory '/home/k06/Desktop/item_sorting_system/build/CMakeFiles/CMakeTmp'
Makefile:127: recipe for target 'cmTC_320f3/fast' failed
make: *** [cmTC_320f3/fast] Error 2


Source file was:
#include <pthread.h>

static void* test_func(void* data)
{
  return data;
}

int main(void)
{
  pthread_t thread;
  pthread_create(&thread, NULL, test_func, NULL);
  pthread_detach(thread);
  pthread_cancel(thread);
  pthread_join(thread, NULL);
  pthread_atfork(NULL, NULL, NULL);
  pthread_exit(NULL);

  return 0;
}

Determining if the function pthread_create exists in the pthreads failed with the following output:
Change Dir: /home/k06/Desktop/item_sorting_system/build/CMakeFiles/CMakeTmp

Run Build Command(s):/usr/bin/make -f Makefile cmTC_a3513/fast && /usr/bin/make  -f CMakeFiles/cmTC_a3513.dir/build.make CMakeFiles/cmTC_a3513.dir/build
make[1]: Entering directory '/home/k06/Desktop/item_sorting_system/build/CMakeFiles/CMakeTmp'
Building C object CMakeFiles/cmTC_a3513.dir/CheckFunctionExists.c.o
/usr/bin/clang   -DCHECK_FUNCTION_EXISTS=pthread_create -MD -MT CMakeFiles/cmTC_a3513.dir/CheckFunctionExists.c.o -MF CMakeFiles/cmTC_a3513.dir/CheckFunctionExists.c.o.d -o CMakeFiles/cmTC_a3513.dir/CheckFunctionExists.c.o -c /usr/share/cmake-3.23/Modules/CheckFunctionExists.c
Linking C executable cmTC_a3513
/usr/bin/cmake -E cmake_link_script CMakeFiles/cmTC_a3513.dir/link.txt --verbose=1
/usr/bin/clang  -DCHECK_FUNCTION_EXISTS=pthread_create CMakeFiles/cmTC_a3513.dir/CheckFunctionExists.c.o -o cmTC_a3513  -lpthreads 
/usr/bin/ld: cannot find -lpthreads
clang: error: linker command failed with exit code 1 (use -v to see invocation)
CMakeFiles/cmTC_a3513.dir/build.make:99: recipe for target 'cmTC_a3513' failed
make[1]: *** [cmTC_a3513] Error 1
make[1]: Leaving directory '/home/k06/Desktop/item_sorting_system/build/CMakeFiles/CMakeTmp'
Makefile:127: recipe for target 'cmTC_a3513/fast' failed
make: *** [cmTC_a3513/fast] Error 2



